02www/404
02www/404/index.html
02www/accesskeys
02www/accesskeys/index.html
02www/convertingatf
02www/convertingatf/index.html
02www/convertingatf/otf
02www/convertingatf/otf/index.html
02www/css
02www/css/browsersthatsuck.css
02www/css/handheld.css
02www/css/na.css
02www/css/ob.css
02www/css/print.css
02www/css/screen.css
02www/css/textsizeminus1.css
02www/css/textsizeminus2.css
02www/css/textsizeminus3.css
02www/css/textsizeplus1.css
02www/css/textsizeplus2.css
02www/css/textsizeplus3.css
02www/css/textsizeplus4.css
02www/css/textsizeplus5.css
02www/editinginatf
02www/editinginatf/advancedconventions
02www/editinginatf/advancedconventions/index.html
02www/editinginatf/bilinguals
02www/editinginatf/bilinguals/index.html
02www/editinginatf/cdliatf
02www/editinginatf/cdliatf/dates
02www/editinginatf/cdliatf/dates/index.html
02www/editinginatf/cdliatf/index.html
02www/editinginatf/cdliatf/numbers
02www/editinginatf/cdliatf/numbers/index.html
02www/editinginatf/complexlayouts
02www/editinginatf/complexlayouts/index.html
02www/editinginatf/composites
02www/editinginatf/composites/index.html
02www/editinginatf/index.html
02www/editinginatf/labels
02www/editinginatf/labels/index.html
02www/editinginatf/lexicaltexts
02www/editinginatf/lexicaltexts/index.html
02www/editinginatf/linkage
02www/editinginatf/linkage/index.html
02www/editinginatf/maths
02www/editinginatf/maths/index.html
02www/editinginatf/metrology
02www/editinginatf/metrology/index.html
02www/editinginatf/metrology/metrologicaltables
02www/editinginatf/metrology/metrologicaltables/index.html
02www/editinginatf/primer
02www/editinginatf/primer/index.html
02www/editinginatf/primer/inlinetutorial
02www/editinginatf/primer/inlinetutorial/index.html
02www/editinginatf/primer/structuretutorial
02www/editinginatf/primer/structuretutorial/index.html
02www/editinginatf/protocols
02www/editinginatf/protocols/index.html
02www/editinginatf/quickreference
02www/editinginatf/quickreference/index.html
02www/editinginatf/scores
02www/editinginatf/scores/index.html
02www/editinginatf/translations
02www/editinginatf/translations/index.html
02www/images
02www/images/blank.gif
02www/index.html
02www/installation
02www/installation/basics
02www/installation/basics/index.html
02www/installation/creating
02www/installation/creating/index.html
02www/installation/index.html
02www/installation/prerequisites
02www/installation/prerequisites/index.html
02www/js
02www/js/library.js
02www/languages
02www/languages/akkadian
02www/languages/akkadian/akkadianroots
02www/languages/akkadian/akkadianroots/index.html
02www/languages/akkadian/akkadianstylesheet
02www/languages/akkadian/akkadianstylesheet/index.html
02www/languages/akkadian/index.html
02www/languages/akkadian/obakkadian
02www/languages/akkadian/obakkadian/index.html
02www/languages/aramaic
02www/languages/aramaic/index.html
02www/languages/elamite
02www/languages/elamite/index.html
02www/languages/greek
02www/languages/greek/index.html
02www/languages/index.html
02www/languages/oldpersian
02www/languages/oldpersian/index.html
02www/languages/propernouns
02www/languages/propernouns/index.html
02www/languages/sumerian
02www/languages/sumerian/index.html
02www/languages/sumerian/sumerianprimer
02www/languages/sumerian/sumerianprimer/index.html
02www/languages/sumerian/syntax
02www/languages/sumerian/syntax/index.html
02www/languages/ugaritic
02www/languages/ugaritic/index.html
02www/lemmatising
02www/lemmatising/byforms
02www/lemmatising/byforms/index.html
02www/lemmatising/cofs
02www/lemmatising/cofs/index.html
02www/lemmatising/howl2works
02www/lemmatising/howl2works/index.html
02www/lemmatising/index.html
02www/lemmatising/lemmatising
02www/lemmatising/lemmatising/index.html
02www/lemmatising/primer
02www/lemmatising/primer/index.html
02www/lemmatising/psus
02www/lemmatising/psus/index.html
02www/lemmatising/rebuilderrors
02www/lemmatising/rebuilderrors/index.html
02www/lemmatising/syntax
02www/lemmatising/syntax/index.html
02www/licensing
02www/licensing/index.html
02www/managingprojects
02www/managingprojects/catalogues
02www/managingprojects/catalogues/index.html
02www/managingprojects/configuration
02www/managingprojects/configuration/index.html
02www/managingprojects/configuration/webcolours
02www/managingprojects/configuration/webcolours/index.html
02www/managingprojects/index.html
02www/managingprojects/lifecycle
02www/managingprojects/lifecycle/index.html
02www/managingprojects/projectfiles
02www/managingprojects/projectfiles/index.html
02www/managingprojects/projects
02www/managingprojects/projects/index.html
02www/managingprojects/theoracccommand
02www/managingprojects/theoracccommand/index.html
02www/managingprojects/withemacs
02www/managingprojects/withemacs/index.html
02www/managingprojects/withunix
02www/managingprojects/withunix/index.html
02www/portals
02www/portals/buildinganespsite
02www/portals/buildinganespsite/index.html
02www/portals/buildingportals
02www/portals/buildingportals/index.html
02www/portals/creatingcontent
02www/portals/creatingcontent/index.html
02www/portals/downloads
02www/portals/downloads/index.html
02www/portals/espelements
02www/portals/espelements/index.html
02www/portals/espsetup
02www/portals/espsetup/index.html
02www/portals/glossaries
02www/portals/glossaries/index.html
02www/portals/images
02www/portals/images/index.html
02www/portals/index.html
02www/portals/installingesp
02www/portals/installingesp/index.html
02www/portals/links
02www/portals/links/index.html
02www/portals/overviewofesp
02www/portals/overviewofesp/index.html
02www/portals/pagestructure
02www/portals/pagestructure/index.html
02www/portals/projecturls
02www/portals/projecturls/index.html
02www/portals/referencing
02www/portals/referencing/index.html
02www/portals/styleguide
02www/portals/styleguide/index.html
02www/privacy
02www/privacy/index.html
02www/sitemap
02www/sitemap/index.html
02www/usingemacs
02www/usingemacs/aquamacs
02www/usingemacs/aquamacs/index.html
02www/usingemacs/emacsforatf
02www/usingemacs/emacsforatf/index.html
02www/usingemacs/emacssetup
02www/usingemacs/emacssetup/index.html
02www/usingemacs/emacsw32
02www/usingemacs/emacsw32/index.html
02www/usingemacs/index.html
02www/usingoracc
02www/usingoracc/advancedsearch
02www/usingoracc/advancedsearch/index.html
02www/usingoracc/citingurls
02www/usingoracc/citingurls/index.html
02www/usingoracc/fonts
02www/usingoracc/fonts/cuneiform1
02www/usingoracc/fonts/cuneiform1/index.html
02www/usingoracc/fonts/cuneiform2
02www/usingoracc/fonts/cuneiform2/index.html
02www/usingoracc/fonts/cuneiform3
02www/usingoracc/fonts/cuneiform3/index.html
02www/usingoracc/fonts/cuneiform4
02www/usingoracc/fonts/cuneiform4/index.html
02www/usingoracc/fonts/cuneiform5
02www/usingoracc/fonts/cuneiform5/index.html
02www/usingoracc/fonts/index.html
02www/usingoracc/fulltextsearch
02www/usingoracc/fulltextsearch/index.html
02www/usingoracc/gettingstarted
02www/usingoracc/gettingstarted/index.html
02www/usingoracc/glossaries
02www/usingoracc/glossaries/index.html
02www/usingoracc/index.html
02www/usingoracc/keyboards
02www/usingoracc/keyboards/index.html
02www/usingoracc/searchingcorpora
02www/usingoracc/searchingcorpora/index.html
02www/usingoracc/unicode
02www/usingoracc/unicode/index.html
02www/webstandards
02www/webstandards/index.html
